\BOOKMARK [1][-]{section.1}{Complexe Zahlen Skript S. 1}{}
\BOOKMARK [2][-]{subsection.1.1}{Grundlagen Skript S. 1ff}{section.1}
\BOOKMARK [2][-]{subsection.1.2}{Rechenregeln Skript S. 10ff}{section.1}
\BOOKMARK [2][-]{subsection.1.3}{12. Einheitswurzeln \(k 30 23\)}{section.1}
\BOOKMARK [2][-]{subsection.1.4}{Nullstellen von Polynomen}{section.1}
\BOOKMARK [2][-]{subsection.1.5}{Euler Skript S. 30f}{section.1}
\BOOKMARK [2][-]{subsection.1.6}{\334berlagerung von harmonischen Schwingungen Skript S. 32f}{section.1}
\BOOKMARK [1][-]{section.2}{Complexe Funktionen \(Abbildungen\) Skript S. 37ff}{}
\BOOKMARK [2][-]{subsection.2.1}{Lineare Funktion Skript S. 41ff}{section.2}
\BOOKMARK [2][-]{subsection.2.2}{Quadratfunktion und Quadratwurzelfunktion Skript S. 45ff}{section.2}
\BOOKMARK [2][-]{subsection.2.3}{Kehrwertfunktion und Kreisspiegelung Skript S. 51ff}{section.2}
\BOOKMARK [2][-]{subsection.2.4}{M\366biustransformation Skript S. 57ff}{section.2}
\BOOKMARK [2][-]{subsection.2.5}{Joukowski-Funktion Skript S. 60ff}{section.2}
\BOOKMARK [2][-]{subsection.2.6}{Exponentialfunktion Skript S. 64ff}{section.2}
\BOOKMARK [2][-]{subsection.2.7}{Sinus-Funktion Skript S. 67f}{section.2}
\BOOKMARK [2][-]{subsection.2.8}{Kreisgleichung}{section.2}
\BOOKMARK [1][-]{section.3}{Fourierreihen Skript S. 67ff}{}
\BOOKMARK [2][-]{subsection.3.1}{Orthogonalit\344tsbeziehungen der Basisfunktionen Skript S. 75}{section.3}
\BOOKMARK [2][-]{subsection.3.2}{Allgemeine Form Skript S. 79}{section.3}
\BOOKMARK [2][-]{subsection.3.3}{Komplexwertige Darstellung der Fourierreihen Skript S. 95ff}{section.3}
\BOOKMARK [3][-]{subsubsection.3.3.1}{Umrechnungsformeln}{subsection.3.3}
\BOOKMARK [2][-]{subsection.3.4}{LTI-Systeme Skript S. 72}{section.3}
\BOOKMARK [3][-]{subsubsection.3.4.1}{Linear}{subsection.3.4}
\BOOKMARK [3][-]{subsubsection.3.4.2}{Zeitinvarianz}{subsection.3.4}
\BOOKMARK [2][-]{subsection.3.5}{S\344tze zur Berechnung der Koeffizienten Skript S. 80ff}{section.3}
\BOOKMARK [3][-]{subsubsection.3.5.1}{Symmetrie Skript S. 80f}{subsection.3.5}
\BOOKMARK [3][-]{subsubsection.3.5.2}{Linearit\344t Skript S. 82}{subsection.3.5}
\BOOKMARK [3][-]{subsubsection.3.5.3}{Zeitstreckung/-stauchung \(\304hnlichkeit\) Skript S. 83}{subsection.3.5}
\BOOKMARK [3][-]{subsubsection.3.5.4}{Zeitverschiebung Skript S. 84}{subsection.3.5}
\BOOKMARK [2][-]{subsection.3.6}{Integral und Differential Skript S. 88}{section.3}
\BOOKMARK [2][-]{subsection.3.7}{Gibbs'sches Ph\344nomen Skript S. 92f}{section.3}
\BOOKMARK [2][-]{subsection.3.8}{Frequenz-, Amplituden- und Phasengang Skript S. 72}{section.3}
\BOOKMARK [1][-]{section.4}{Spektren Skript S. 103}{}
\BOOKMARK [2][-]{subsection.4.1}{Spektraldarstellungen Skript S. 103ff}{section.4}
\BOOKMARK [3][-]{subsubsection.4.1.1}{\(1\) Kosinus- und Sinusamplitudendiagramm}{subsection.4.1}
\BOOKMARK [3][-]{subsubsection.4.1.2}{\(2\) Einseitiges Amplituden-/Phasendiagramm}{subsection.4.1}
\BOOKMARK [3][-]{subsubsection.4.1.3}{\(3\) Zweiseitiges Amplituden-/Phasendiagramm \(komplexes Spektrum\)}{subsection.4.1}
\BOOKMARK [2][-]{subsection.4.2}{Spezialf\344lle Skript S. 106}{section.4}
\BOOKMARK [1][-]{section.5}{DFT - Diskrete Fourier Transformation Skript S. 109}{}
\BOOKMARK [2][-]{subsection.5.1}{Definitionen}{section.5}
\BOOKMARK [3][-]{subsubsection.5.1.1}{Diskrete komplexe Fourierkoeffizienten}{subsection.5.1}
\BOOKMARK [3][-]{subsubsection.5.1.2}{Rechenaufwand DFT / FFT}{subsection.5.1}
\BOOKMARK [2][-]{subsection.5.2}{Eigenschaften der Diskreten Fouriertransformation Skript S. 112}{section.5}
\BOOKMARK [3][-]{subsubsection.5.2.1}{Alias-Effekt}{subsection.5.2}
\BOOKMARK [3][-]{subsubsection.5.2.2}{Nyquist-Shannon-Abtasttheorem}{subsection.5.2}
\BOOKMARK [2][-]{subsection.5.3}{Inverse Diskrete Fouriertransformation iDFT Skript S. 116}{section.5}
\BOOKMARK [3][-]{subsubsection.5.3.1}{Abtastwerte berechnen}{subsection.5.3}
\BOOKMARK [3][-]{subsubsection.5.3.2}{Kontinuirliche Funktion berechnen}{subsection.5.3}
\BOOKMARK [1][-]{section.6}{Wichtige Formeln}{}
\BOOKMARK [2][-]{subsection.6.1}{Funktionswerte f\374r Winkelargumente}{section.6}
\BOOKMARK [2][-]{subsection.6.2}{Periodizit\344t}{section.6}
\BOOKMARK [2][-]{subsection.6.3}{Quadrantenbeziehungen}{section.6}
\BOOKMARK [2][-]{subsection.6.4}{Additionstheoreme}{section.6}
\BOOKMARK [2][-]{subsection.6.5}{Doppel- und Halbwinkel}{section.6}
\BOOKMARK [2][-]{subsection.6.6}{Produkte}{section.6}
\BOOKMARK [2][-]{subsection.6.7}{Summe und Differenz}{section.6}
\BOOKMARK [1][-]{section.7}{Diverses}{}
